[INFO] Scanning for projects...
[INFO]                                                                         
[INFO] ------------------------------------------------------------------------
[INFO] Building bubble-trouble 0.0.1
[INFO] ------------------------------------------------------------------------
[INFO] 
[INFO] --- maven-install-plugin:2.3.1:install-file (SLICK) @ bubble-trouble ---
[INFO] Installing D:\Users\Bart\Documents\TUDelft\Tweede jaar (2015-2016)\Software Engineering Methods\Workspace\Team1BubbleTrouble\libraries\slick.jar to C:\Users\Bart\.m2\repository\org\newdawn\slick\slick\1.0\slick-1.0.jar
[INFO] 
[INFO] --- maven-install-plugin:2.3.1:install-file (JINPUT) @ bubble-trouble ---
[INFO] Installing D:\Users\Bart\Documents\TUDelft\Tweede jaar (2015-2016)\Software Engineering Methods\Workspace\Team1BubbleTrouble\libraries\jinput.jar to C:\Users\Bart\.m2\repository\net\java\games\jinput\1.0\jinput-1.0.jar
[INFO] 
[INFO] --- maven-install-plugin:2.3.1:install-file (LWJGL) @ bubble-trouble ---
[INFO] Installing D:\Users\Bart\Documents\TUDelft\Tweede jaar (2015-2016)\Software Engineering Methods\Workspace\Team1BubbleTrouble\lwjgl\jar\lwjgl.jar to C:\Users\Bart\.m2\repository\org\lwjgl\lwjgl\1.0\lwjgl-1.0.jar
[INFO] 
[INFO] --- maven-install-plugin:2.3.1:install-file (LWJGL UTIL) @ bubble-trouble ---
[INFO] Installing D:\Users\Bart\Documents\TUDelft\Tweede jaar (2015-2016)\Software Engineering Methods\Workspace\Team1BubbleTrouble\libraries\lwjgl_util.jar to C:\Users\Bart\.m2\repository\org\lwjgl\util\lwjgl_util\1.0\lwjgl_util-1.0.jar
[INFO] 
[INFO] --- maven-resources-plugin:2.6:resources (default-resources) @ bubble-trouble ---
[INFO] Using 'UTF-8' encoding to copy filtered resources.
[INFO] skip non existing resourceDirectory D:\Users\Bart\Documents\TUDelft\Tweede jaar (2015-2016)\Software Engineering Methods\Workspace\Team1BubbleTrouble\src\main\resources
[INFO] 
[INFO] --- maven-compiler-plugin:3.3:compile (default-compile) @ bubble-trouble ---
[INFO] Nothing to compile - all classes are up to date
[INFO] 
[INFO] --- maven-resources-plugin:2.6:testResources (default-testResources) @ bubble-trouble ---
[INFO] Using 'UTF-8' encoding to copy filtered resources.
[INFO] skip non existing resourceDirectory D:\Users\Bart\Documents\TUDelft\Tweede jaar (2015-2016)\Software Engineering Methods\Workspace\Team1BubbleTrouble\src\test\resources
[INFO] 
[INFO] --- maven-compiler-plugin:3.3:testCompile (default-testCompile) @ bubble-trouble ---
[INFO] Nothing to compile - all classes are up to date
[INFO] 
[INFO] --- maven-surefire-plugin:2.12.4:test (default-test) @ bubble-trouble ---
[INFO] Surefire report directory: D:\Users\Bart\Documents\TUDelft\Tweede jaar (2015-2016)\Software Engineering Methods\Workspace\Team1BubbleTrouble\target\surefire-reports

-------------------------------------------------------
 T E S T S
-------------------------------------------------------
Running BouncingCircleTest
Tests run: 77, Failures: 0, Errors: 0, Skipped: 0, Time elapsed: 0.336 sec
Running ButtonTest
Tests run: 38, Failures: 0, Errors: 0, Skipped: 0, Time elapsed: 0.028 sec
Running CoinTest
Tests run: 8, Failures: 0, Errors: 0, Skipped: 0, Time elapsed: 0 sec
Running floatingScoreTest
Tests run: 9, Failures: 0, Errors: 0, Skipped: 0, Time elapsed: 0.004 sec
Running GameStateTest
Tests run: 10, Failures: 0, Errors: 0, Skipped: 0, Time elapsed: 0.004 sec
Running GateTest
Tests run: 25, Failures: 0, Errors: 0, Skipped: 0, Time elapsed: 0.012 sec
Running HighScoresParserTest
exception
Tests run: 3, Failures: 0, Errors: 0, Skipped: 0, Time elapsed: 0.012 sec
Running HighScoresTest
Tests run: 7, Failures: 0, Errors: 0, Skipped: 0, Time elapsed: 0 sec
Running InstantLaserTest
Tests run: 3, Failures: 0, Errors: 0, Skipped: 0, Time elapsed: 0.004 sec
Running LevelContainerTest
Tests run: 8, Failures: 0, Errors: 0, Skipped: 0, Time elapsed: 0.008 sec
Running LevelTest
Tests run: 15, Failures: 0, Errors: 0, Skipped: 0, Time elapsed: 0.004 sec
Running MainGameTest
Tests run: 43, Failures: 0, Errors: 0, Skipped: 0, Time elapsed: 0.016 sec
Running MyButtonTest
Tests run: 10, Failures: 0, Errors: 0, Skipped: 0, Time elapsed: 0 sec
Running MyRectangleTest
Tests run: 8, Failures: 0, Errors: 0, Skipped: 0, Time elapsed: 0 sec
Running PlayerListTest
Playerdeath
Playerdeath
Playerdeath
Playerdeath
Tests run: 15, Failures: 0, Errors: 3, Skipped: 0, Time elapsed: 0.08 sec <<< FAILURE!
testDrawPlayer1(PlayerListTest)  Time elapsed: 0.02 sec  <<< ERROR!
java.lang.NoClassDefFoundError: org/lwjgl/LWJGLException
	at java.lang.Class.getDeclaredConstructors0(Native Method)
	at java.lang.Class.privateGetDeclaredConstructors(Class.java:2663)
	at java.lang.Class.getDeclaredConstructors(Class.java:2012)
	at org.mockito.internal.creation.jmock.ClassImposterizer.setConstructorsAccessible(ClassImposterizer.java:75)
	at org.mockito.internal.creation.jmock.ClassImposterizer.imposterise(ClassImposterizer.java:70)
	at org.mockito.internal.creation.jmock.ClassImposterizer.imposterise(ClassImposterizer.java:56)
	at org.mockito.internal.creation.CglibMockMaker.createMock(CglibMockMaker.java:23)
	at org.mockito.internal.util.MockUtil.createMock(MockUtil.java:26)
	at org.mockito.internal.MockitoCore.mock(MockitoCore.java:51)
	at org.mockito.Mockito.mock(Mockito.java:1243)
	at org.mockito.Mockito.mock(Mockito.java:1120)
	at PlayerListTest.testDrawPlayer1(PlayerListTest.java:53)
	at sun.reflect.NativeMethodAccessorImpl.invoke0(Native Method)
	at sun.reflect.NativeMethodAccessorImpl.invoke(NativeMethodAccessorImpl.java:62)
	at sun.reflect.DelegatingMethodAccessorImpl.invoke(DelegatingMethodAccessorImpl.java:43)
	at java.lang.reflect.Method.invoke(Method.java:483)
	at org.junit.runners.model.FrameworkMethod$1.runReflectiveCall(FrameworkMethod.java:50)
	at org.junit.internal.runners.model.ReflectiveCallable.run(ReflectiveCallable.java:12)
	at org.junit.runners.model.FrameworkMethod.invokeExplosively(FrameworkMethod.java:47)
	at org.junit.internal.runners.statements.InvokeMethod.evaluate(InvokeMethod.java:17)
	at org.junit.internal.runners.statements.RunBefores.evaluate(RunBefores.java:26)
	at org.junit.runners.ParentRunner.runLeaf(ParentRunner.java:325)
	at org.junit.runners.BlockJUnit4ClassRunner.runChild(BlockJUnit4ClassRunner.java:78)
	at org.junit.runners.BlockJUnit4ClassRunner.runChild(BlockJUnit4ClassRunner.java:57)
	at org.junit.runners.ParentRunner$3.run(ParentRunner.java:290)
	at org.junit.runners.ParentRunner$1.schedule(ParentRunner.java:71)
	at org.junit.runners.ParentRunner.runChildren(ParentRunner.java:288)
	at org.junit.runners.ParentRunner.access$000(ParentRunner.java:58)
	at org.junit.runners.ParentRunner$2.evaluate(ParentRunner.java:268)
	at org.junit.runners.ParentRunner.run(ParentRunner.java:363)
	at org.apache.maven.surefire.junit4.JUnit4Provider.execute(JUnit4Provider.java:252)
	at org.apache.maven.surefire.junit4.JUnit4Provider.executeTestSet(JUnit4Provider.java:141)
	at org.apache.maven.surefire.junit4.JUnit4Provider.invoke(JUnit4Provider.java:112)
	at sun.reflect.NativeMethodAccessorImpl.invoke0(Native Method)
	at sun.reflect.NativeMethodAccessorImpl.invoke(NativeMethodAccessorImpl.java:62)
	at sun.reflect.DelegatingMethodAccessorImpl.invoke(DelegatingMethodAccessorImpl.java:43)
	at java.lang.reflect.Method.invoke(Method.java:483)
	at org.apache.maven.surefire.util.ReflectionUtils.invokeMethodWithArray(ReflectionUtils.java:189)
	at org.apache.maven.surefire.booter.ProviderFactory$ProviderProxy.invoke(ProviderFactory.java:165)
	at org.apache.maven.surefire.booter.ProviderFactory.invokeProvider(ProviderFactory.java:85)
	at org.apache.maven.surefire.booter.ForkedBooter.runSuitesInProcess(ForkedBooter.java:115)
	at org.apache.maven.surefire.booter.ForkedBooter.main(ForkedBooter.java:75)
Caused by: java.lang.ClassNotFoundException: org.lwjgl.LWJGLException
	at java.net.URLClassLoader$1.run(URLClassLoader.java:372)
	at java.net.URLClassLoader$1.run(URLClassLoader.java:361)
	at java.security.AccessController.doPrivileged(Native Method)
	at java.net.URLClassLoader.findClass(URLClassLoader.java:360)
	at java.lang.ClassLoader.loadClass(ClassLoader.java:424)
	at sun.misc.Launcher$AppClassLoader.loadClass(Launcher.java:308)
	at java.lang.ClassLoader.loadClass(ClassLoader.java:357)
	... 42 more

testDrawPlayer2(PlayerListTest)  Time elapsed: 0 sec  <<< ERROR!
java.lang.NoClassDefFoundError: org/lwjgl/LWJGLException
	at java.lang.Class.getDeclaredConstructors0(Native Method)
	at java.lang.Class.privateGetDeclaredConstructors(Class.java:2663)
	at java.lang.Class.getDeclaredConstructors(Class.java:2012)
	at org.mockito.internal.creation.jmock.ClassImposterizer.setConstructorsAccessible(ClassImposterizer.java:75)
	at org.mockito.internal.creation.jmock.ClassImposterizer.imposterise(ClassImposterizer.java:70)
	at org.mockito.internal.creation.jmock.ClassImposterizer.imposterise(ClassImposterizer.java:56)
	at org.mockito.internal.creation.CglibMockMaker.createMock(CglibMockMaker.java:23)
	at org.mockito.internal.util.MockUtil.createMock(MockUtil.java:26)
	at org.mockito.internal.MockitoCore.mock(MockitoCore.java:51)
	at org.mockito.Mockito.mock(Mockito.java:1243)
	at org.mockito.Mockito.mock(Mockito.java:1120)
	at PlayerListTest.testDrawPlayer2(PlayerListTest.java:72)
	at sun.reflect.NativeMethodAccessorImpl.invoke0(Native Method)
	at sun.reflect.NativeMethodAccessorImpl.invoke(NativeMethodAccessorImpl.java:62)
	at sun.reflect.DelegatingMethodAccessorImpl.invoke(DelegatingMethodAccessorImpl.java:43)
	at java.lang.reflect.Method.invoke(Method.java:483)
	at org.junit.runners.model.FrameworkMethod$1.runReflectiveCall(FrameworkMethod.java:50)
	at org.junit.internal.runners.model.ReflectiveCallable.run(ReflectiveCallable.java:12)
	at org.junit.runners.model.FrameworkMethod.invokeExplosively(FrameworkMethod.java:47)
	at org.junit.internal.runners.statements.InvokeMethod.evaluate(InvokeMethod.java:17)
	at org.junit.internal.runners.statements.RunBefores.evaluate(RunBefores.java:26)
	at org.junit.runners.ParentRunner.runLeaf(ParentRunner.java:325)
	at org.junit.runners.BlockJUnit4ClassRunner.runChild(BlockJUnit4ClassRunner.java:78)
	at org.junit.runners.BlockJUnit4ClassRunner.runChild(BlockJUnit4ClassRunner.java:57)
	at org.junit.runners.ParentRunner$3.run(ParentRunner.java:290)
	at org.junit.runners.ParentRunner$1.schedule(ParentRunner.java:71)
	at org.junit.runners.ParentRunner.runChildren(ParentRunner.java:288)
	at org.junit.runners.ParentRunner.access$000(ParentRunner.java:58)
	at org.junit.runners.ParentRunner$2.evaluate(ParentRunner.java:268)
	at org.junit.runners.ParentRunner.run(ParentRunner.java:363)
	at org.apache.maven.surefire.junit4.JUnit4Provider.execute(JUnit4Provider.java:252)
	at org.apache.maven.surefire.junit4.JUnit4Provider.executeTestSet(JUnit4Provider.java:141)
	at org.apache.maven.surefire.junit4.JUnit4Provider.invoke(JUnit4Provider.java:112)
	at sun.reflect.NativeMethodAccessorImpl.invoke0(Native Method)
	at sun.reflect.NativeMethodAccessorImpl.invoke(NativeMethodAccessorImpl.java:62)
	at sun.reflect.DelegatingMethodAccessorImpl.invoke(DelegatingMethodAccessorImpl.java:43)
	at java.lang.reflect.Method.invoke(Method.java:483)
	at org.apache.maven.surefire.util.ReflectionUtils.invokeMethodWithArray(ReflectionUtils.java:189)
	at org.apache.maven.surefire.booter.ProviderFactory$ProviderProxy.invoke(ProviderFactory.java:165)
	at org.apache.maven.surefire.booter.ProviderFactory.invokeProvider(ProviderFactory.java:85)
	at org.apache.maven.surefire.booter.ForkedBooter.runSuitesInProcess(ForkedBooter.java:115)
	at org.apache.maven.surefire.booter.ForkedBooter.main(ForkedBooter.java:75)
Caused by: java.lang.ClassNotFoundException: org.lwjgl.LWJGLException
	at java.net.URLClassLoader$1.run(URLClassLoader.java:372)
	at java.net.URLClassLoader$1.run(URLClassLoader.java:361)
	at java.security.AccessController.doPrivileged(Native Method)
	at java.net.URLClassLoader.findClass(URLClassLoader.java:360)
	at java.lang.ClassLoader.loadClass(ClassLoader.java:424)
	at sun.misc.Launcher$AppClassLoader.loadClass(Launcher.java:308)
	at java.lang.ClassLoader.loadClass(ClassLoader.java:357)
	... 42 more

testDrawPlayer3(PlayerListTest)  Time elapsed: 0.004 sec  <<< ERROR!
java.lang.NoClassDefFoundError: org/lwjgl/LWJGLException
	at java.lang.Class.getDeclaredConstructors0(Native Method)
	at java.lang.Class.privateGetDeclaredConstructors(Class.java:2663)
	at java.lang.Class.getDeclaredConstructors(Class.java:2012)
	at org.mockito.internal.creation.jmock.ClassImposterizer.setConstructorsAccessible(ClassImposterizer.java:75)
	at org.mockito.internal.creation.jmock.ClassImposterizer.imposterise(ClassImposterizer.java:70)
	at org.mockito.internal.creation.jmock.ClassImposterizer.imposterise(ClassImposterizer.java:56)
	at org.mockito.internal.creation.CglibMockMaker.createMock(CglibMockMaker.java:23)
	at org.mockito.internal.util.MockUtil.createMock(MockUtil.java:26)
	at org.mockito.internal.MockitoCore.mock(MockitoCore.java:51)
	at org.mockito.Mockito.mock(Mockito.java:1243)
	at org.mockito.Mockito.mock(Mockito.java:1120)
	at PlayerListTest.testDrawPlayer3(PlayerListTest.java:92)
	at sun.reflect.NativeMethodAccessorImpl.invoke0(Native Method)
	at sun.reflect.NativeMethodAccessorImpl.invoke(NativeMethodAccessorImpl.java:62)
	at sun.reflect.DelegatingMethodAccessorImpl.invoke(DelegatingMethodAccessorImpl.java:43)
	at java.lang.reflect.Method.invoke(Method.java:483)
	at org.junit.runners.model.FrameworkMethod$1.runReflectiveCall(FrameworkMethod.java:50)
	at org.junit.internal.runners.model.ReflectiveCallable.run(ReflectiveCallable.java:12)
	at org.junit.runners.model.FrameworkMethod.invokeExplosively(FrameworkMethod.java:47)
	at org.junit.internal.runners.statements.InvokeMethod.evaluate(InvokeMethod.java:17)
	at org.junit.internal.runners.statements.RunBefores.evaluate(RunBefores.java:26)
	at org.junit.runners.ParentRunner.runLeaf(ParentRunner.java:325)
	at org.junit.runners.BlockJUnit4ClassRunner.runChild(BlockJUnit4ClassRunner.java:78)
	at org.junit.runners.BlockJUnit4ClassRunner.runChild(BlockJUnit4ClassRunner.java:57)
	at org.junit.runners.ParentRunner$3.run(ParentRunner.java:290)
	at org.junit.runners.ParentRunner$1.schedule(ParentRunner.java:71)
	at org.junit.runners.ParentRunner.runChildren(ParentRunner.java:288)
	at org.junit.runners.ParentRunner.access$000(ParentRunner.java:58)
	at org.junit.runners.ParentRunner$2.evaluate(ParentRunner.java:268)
	at org.junit.runners.ParentRunner.run(ParentRunner.java:363)
	at org.apache.maven.surefire.junit4.JUnit4Provider.execute(JUnit4Provider.java:252)
	at org.apache.maven.surefire.junit4.JUnit4Provider.executeTestSet(JUnit4Provider.java:141)
	at org.apache.maven.surefire.junit4.JUnit4Provider.invoke(JUnit4Provider.java:112)
	at sun.reflect.NativeMethodAccessorImpl.invoke0(Native Method)
	at sun.reflect.NativeMethodAccessorImpl.invoke(NativeMethodAccessorImpl.java:62)
	at sun.reflect.DelegatingMethodAccessorImpl.invoke(DelegatingMethodAccessorImpl.java:43)
	at java.lang.reflect.Method.invoke(Method.java:483)
	at org.apache.maven.surefire.util.ReflectionUtils.invokeMethodWithArray(ReflectionUtils.java:189)
	at org.apache.maven.surefire.booter.ProviderFactory$ProviderProxy.invoke(ProviderFactory.java:165)
	at org.apache.maven.surefire.booter.ProviderFactory.invokeProvider(ProviderFactory.java:85)
	at org.apache.maven.surefire.booter.ForkedBooter.runSuitesInProcess(ForkedBooter.java:115)
	at org.apache.maven.surefire.booter.ForkedBooter.main(ForkedBooter.java:75)
Caused by: java.lang.ClassNotFoundException: org.lwjgl.LWJGLException
	at java.net.URLClassLoader$1.run(URLClassLoader.java:372)
	at java.net.URLClassLoader$1.run(URLClassLoader.java:361)
	at java.security.AccessController.doPrivileged(Native Method)
	at java.net.URLClassLoader.findClass(URLClassLoader.java:360)
	at java.lang.ClassLoader.loadClass(ClassLoader.java:424)
	at sun.misc.Launcher$AppClassLoader.loadClass(Launcher.java:308)
	at java.lang.ClassLoader.loadClass(ClassLoader.java:357)
	... 42 more

Running PlayerTest
Tests run: 57, Failures: 0, Errors: 3, Skipped: 0, Time elapsed: 0.052 sec <<< FAILURE!
testUpdate1(PlayerTest)  Time elapsed: 0.004 sec  <<< ERROR!
java.lang.NoClassDefFoundError: org/lwjgl/LWJGLException
	at java.lang.Class.getDeclaredConstructors0(Native Method)
	at java.lang.Class.privateGetDeclaredConstructors(Class.java:2663)
	at java.lang.Class.getDeclaredConstructors(Class.java:2012)
	at org.mockito.internal.creation.jmock.ClassImposterizer.setConstructorsAccessible(ClassImposterizer.java:75)
	at org.mockito.internal.creation.jmock.ClassImposterizer.imposterise(ClassImposterizer.java:70)
	at org.mockito.internal.creation.jmock.ClassImposterizer.imposterise(ClassImposterizer.java:56)
	at org.mockito.internal.creation.CglibMockMaker.createMock(CglibMockMaker.java:23)
	at org.mockito.internal.util.MockUtil.createMock(MockUtil.java:26)
	at org.mockito.internal.MockitoCore.mock(MockitoCore.java:51)
	at org.mockito.Mockito.mock(Mockito.java:1243)
	at org.mockito.Mockito.mock(Mockito.java:1120)
	at PlayerTest.testUpdate1(PlayerTest.java:302)
	at sun.reflect.NativeMethodAccessorImpl.invoke0(Native Method)
	at sun.reflect.NativeMethodAccessorImpl.invoke(NativeMethodAccessorImpl.java:62)
	at sun.reflect.DelegatingMethodAccessorImpl.invoke(DelegatingMethodAccessorImpl.java:43)
	at java.lang.reflect.Method.invoke(Method.java:483)
	at org.junit.runners.model.FrameworkMethod$1.runReflectiveCall(FrameworkMethod.java:50)
	at org.junit.internal.runners.model.ReflectiveCallable.run(ReflectiveCallable.java:12)
	at org.junit.runners.model.FrameworkMethod.invokeExplosively(FrameworkMethod.java:47)
	at org.junit.internal.runners.statements.InvokeMethod.evaluate(InvokeMethod.java:17)
	at org.junit.internal.runners.statements.RunBefores.evaluate(RunBefores.java:26)
	at org.junit.runners.ParentRunner.runLeaf(ParentRunner.java:325)
	at org.junit.runners.BlockJUnit4ClassRunner.runChild(BlockJUnit4ClassRunner.java:78)
	at org.junit.runners.BlockJUnit4ClassRunner.runChild(BlockJUnit4ClassRunner.java:57)
	at org.junit.runners.ParentRunner$3.run(ParentRunner.java:290)
	at org.junit.runners.ParentRunner$1.schedule(ParentRunner.java:71)
	at org.junit.runners.ParentRunner.runChildren(ParentRunner.java:288)
	at org.junit.runners.ParentRunner.access$000(ParentRunner.java:58)
	at org.junit.runners.ParentRunner$2.evaluate(ParentRunner.java:268)
	at org.junit.runners.ParentRunner.run(ParentRunner.java:363)
	at org.apache.maven.surefire.junit4.JUnit4Provider.execute(JUnit4Provider.java:252)
	at org.apache.maven.surefire.junit4.JUnit4Provider.executeTestSet(JUnit4Provider.java:141)
	at org.apache.maven.surefire.junit4.JUnit4Provider.invoke(JUnit4Provider.java:112)
	at sun.reflect.NativeMethodAccessorImpl.invoke0(Native Method)
	at sun.reflect.NativeMethodAccessorImpl.invoke(NativeMethodAccessorImpl.java:62)
	at sun.reflect.DelegatingMethodAccessorImpl.invoke(DelegatingMethodAccessorImpl.java:43)
	at java.lang.reflect.Method.invoke(Method.java:483)
	at org.apache.maven.surefire.util.ReflectionUtils.invokeMethodWithArray(ReflectionUtils.java:189)
	at org.apache.maven.surefire.booter.ProviderFactory$ProviderProxy.invoke(ProviderFactory.java:165)
	at org.apache.maven.surefire.booter.ProviderFactory.invokeProvider(ProviderFactory.java:85)
	at org.apache.maven.surefire.booter.ForkedBooter.runSuitesInProcess(ForkedBooter.java:115)
	at org.apache.maven.surefire.booter.ForkedBooter.main(ForkedBooter.java:75)
Caused by: java.lang.ClassNotFoundException: org.lwjgl.LWJGLException
	at java.net.URLClassLoader$1.run(URLClassLoader.java:372)
	at java.net.URLClassLoader$1.run(URLClassLoader.java:361)
	at java.security.AccessController.doPrivileged(Native Method)
	at java.net.URLClassLoader.findClass(URLClassLoader.java:360)
	at java.lang.ClassLoader.loadClass(ClassLoader.java:424)
	at sun.misc.Launcher$AppClassLoader.loadClass(Launcher.java:308)
	at java.lang.ClassLoader.loadClass(ClassLoader.java:357)
	... 42 more

testUpdate2(PlayerTest)  Time elapsed: 0.004 sec  <<< ERROR!
java.lang.NoClassDefFoundError: org/lwjgl/LWJGLException
	at java.lang.Class.getDeclaredConstructors0(Native Method)
	at java.lang.Class.privateGetDeclaredConstructors(Class.java:2663)
	at java.lang.Class.getDeclaredConstructors(Class.java:2012)
	at org.mockito.internal.creation.jmock.ClassImposterizer.setConstructorsAccessible(ClassImposterizer.java:75)
	at org.mockito.internal.creation.jmock.ClassImposterizer.imposterise(ClassImposterizer.java:70)
	at org.mockito.internal.creation.jmock.ClassImposterizer.imposterise(ClassImposterizer.java:56)
	at org.mockito.internal.creation.CglibMockMaker.createMock(CglibMockMaker.java:23)
	at org.mockito.internal.util.MockUtil.createMock(MockUtil.java:26)
	at org.mockito.internal.MockitoCore.mock(MockitoCore.java:51)
	at org.mockito.Mockito.mock(Mockito.java:1243)
	at org.mockito.Mockito.mock(Mockito.java:1120)
	at PlayerTest.testUpdate2(PlayerTest.java:344)
	at sun.reflect.NativeMethodAccessorImpl.invoke0(Native Method)
	at sun.reflect.NativeMethodAccessorImpl.invoke(NativeMethodAccessorImpl.java:62)
	at sun.reflect.DelegatingMethodAccessorImpl.invoke(DelegatingMethodAccessorImpl.java:43)
	at java.lang.reflect.Method.invoke(Method.java:483)
	at org.junit.runners.model.FrameworkMethod$1.runReflectiveCall(FrameworkMethod.java:50)
	at org.junit.internal.runners.model.ReflectiveCallable.run(ReflectiveCallable.java:12)
	at org.junit.runners.model.FrameworkMethod.invokeExplosively(FrameworkMethod.java:47)
	at org.junit.internal.runners.statements.InvokeMethod.evaluate(InvokeMethod.java:17)
	at org.junit.internal.runners.statements.RunBefores.evaluate(RunBefores.java:26)
	at org.junit.runners.ParentRunner.runLeaf(ParentRunner.java:325)
	at org.junit.runners.BlockJUnit4ClassRunner.runChild(BlockJUnit4ClassRunner.java:78)
	at org.junit.runners.BlockJUnit4ClassRunner.runChild(BlockJUnit4ClassRunner.java:57)
	at org.junit.runners.ParentRunner$3.run(ParentRunner.java:290)
	at org.junit.runners.ParentRunner$1.schedule(ParentRunner.java:71)
	at org.junit.runners.ParentRunner.runChildren(ParentRunner.java:288)
	at org.junit.runners.ParentRunner.access$000(ParentRunner.java:58)
	at org.junit.runners.ParentRunner$2.evaluate(ParentRunner.java:268)
	at org.junit.runners.ParentRunner.run(ParentRunner.java:363)
	at org.apache.maven.surefire.junit4.JUnit4Provider.execute(JUnit4Provider.java:252)
	at org.apache.maven.surefire.junit4.JUnit4Provider.executeTestSet(JUnit4Provider.java:141)
	at org.apache.maven.surefire.junit4.JUnit4Provider.invoke(JUnit4Provider.java:112)
	at sun.reflect.NativeMethodAccessorImpl.invoke0(Native Method)
	at sun.reflect.NativeMethodAccessorImpl.invoke(NativeMethodAccessorImpl.java:62)
	at sun.reflect.DelegatingMethodAccessorImpl.invoke(DelegatingMethodAccessorImpl.java:43)
	at java.lang.reflect.Method.invoke(Method.java:483)
	at org.apache.maven.surefire.util.ReflectionUtils.invokeMethodWithArray(ReflectionUtils.java:189)
	at org.apache.maven.surefire.booter.ProviderFactory$ProviderProxy.invoke(ProviderFactory.java:165)
	at org.apache.maven.surefire.booter.ProviderFactory.invokeProvider(ProviderFactory.java:85)
	at org.apache.maven.surefire.booter.ForkedBooter.runSuitesInProcess(ForkedBooter.java:115)
	at org.apache.maven.surefire.booter.ForkedBooter.main(ForkedBooter.java:75)
Caused by: java.lang.ClassNotFoundException: org.lwjgl.LWJGLException
	at java.net.URLClassLoader$1.run(URLClassLoader.java:372)
	at java.net.URLClassLoader$1.run(URLClassLoader.java:361)
	at java.security.AccessController.doPrivileged(Native Method)
	at java.net.URLClassLoader.findClass(URLClassLoader.java:360)
	at java.lang.ClassLoader.loadClass(ClassLoader.java:424)
	at sun.misc.Launcher$AppClassLoader.loadClass(Launcher.java:308)
	at java.lang.ClassLoader.loadClass(ClassLoader.java:357)
	... 42 more

testUpdate3(PlayerTest)  Time elapsed: 0.004 sec  <<< ERROR!
java.lang.NoClassDefFoundError: org/lwjgl/LWJGLException
	at java.lang.Class.getDeclaredConstructors0(Native Method)
	at java.lang.Class.privateGetDeclaredConstructors(Class.java:2663)
	at java.lang.Class.getDeclaredConstructors(Class.java:2012)
	at org.mockito.internal.creation.jmock.ClassImposterizer.setConstructorsAccessible(ClassImposterizer.java:75)
	at org.mockito.internal.creation.jmock.ClassImposterizer.imposterise(ClassImposterizer.java:70)
	at org.mockito.internal.creation.jmock.ClassImposterizer.imposterise(ClassImposterizer.java:56)
	at org.mockito.internal.creation.CglibMockMaker.createMock(CglibMockMaker.java:23)
	at org.mockito.internal.util.MockUtil.createMock(MockUtil.java:26)
	at org.mockito.internal.MockitoCore.mock(MockitoCore.java:51)
	at org.mockito.Mockito.mock(Mockito.java:1243)
	at org.mockito.Mockito.mock(Mockito.java:1120)
	at PlayerTest.testUpdate3(PlayerTest.java:398)
	at sun.reflect.NativeMethodAccessorImpl.invoke0(Native Method)
	at sun.reflect.NativeMethodAccessorImpl.invoke(NativeMethodAccessorImpl.java:62)
	at sun.reflect.DelegatingMethodAccessorImpl.invoke(DelegatingMethodAccessorImpl.java:43)
	at java.lang.reflect.Method.invoke(Method.java:483)
	at org.junit.runners.model.FrameworkMethod$1.runReflectiveCall(FrameworkMethod.java:50)
	at org.junit.internal.runners.model.ReflectiveCallable.run(ReflectiveCallable.java:12)
	at org.junit.runners.model.FrameworkMethod.invokeExplosively(FrameworkMethod.java:47)
	at org.junit.internal.runners.statements.InvokeMethod.evaluate(InvokeMethod.java:17)
	at org.junit.internal.runners.statements.RunBefores.evaluate(RunBefores.java:26)
	at org.junit.runners.ParentRunner.runLeaf(ParentRunner.java:325)
	at org.junit.runners.BlockJUnit4ClassRunner.runChild(BlockJUnit4ClassRunner.java:78)
	at org.junit.runners.BlockJUnit4ClassRunner.runChild(BlockJUnit4ClassRunner.java:57)
	at org.junit.runners.ParentRunner$3.run(ParentRunner.java:290)
	at org.junit.runners.ParentRunner$1.schedule(ParentRunner.java:71)
	at org.junit.runners.ParentRunner.runChildren(ParentRunner.java:288)
	at org.junit.runners.ParentRunner.access$000(ParentRunner.java:58)
	at org.junit.runners.ParentRunner$2.evaluate(ParentRunner.java:268)
	at org.junit.runners.ParentRunner.run(ParentRunner.java:363)
	at org.apache.maven.surefire.junit4.JUnit4Provider.execute(JUnit4Provider.java:252)
	at org.apache.maven.surefire.junit4.JUnit4Provider.executeTestSet(JUnit4Provider.java:141)
	at org.apache.maven.surefire.junit4.JUnit4Provider.invoke(JUnit4Provider.java:112)
	at sun.reflect.NativeMethodAccessorImpl.invoke0(Native Method)
	at sun.reflect.NativeMethodAccessorImpl.invoke(NativeMethodAccessorImpl.java:62)
	at sun.reflect.DelegatingMethodAccessorImpl.invoke(DelegatingMethodAccessorImpl.java:43)
	at java.lang.reflect.Method.invoke(Method.java:483)
	at org.apache.maven.surefire.util.ReflectionUtils.invokeMethodWithArray(ReflectionUtils.java:189)
	at org.apache.maven.surefire.booter.ProviderFactory$ProviderProxy.invoke(ProviderFactory.java:165)
	at org.apache.maven.surefire.booter.ProviderFactory.invokeProvider(ProviderFactory.java:85)
	at org.apache.maven.surefire.booter.ForkedBooter.runSuitesInProcess(ForkedBooter.java:115)
	at org.apache.maven.surefire.booter.ForkedBooter.main(ForkedBooter.java:75)
Caused by: java.lang.ClassNotFoundException: org.lwjgl.LWJGLException
	at java.net.URLClassLoader$1.run(URLClassLoader.java:372)
	at java.net.URLClassLoader$1.run(URLClassLoader.java:361)
	at java.security.AccessController.doPrivileged(Native Method)
	at java.net.URLClassLoader.findClass(URLClassLoader.java:360)
	at java.lang.ClassLoader.loadClass(ClassLoader.java:424)
	at sun.misc.Launcher$AppClassLoader.loadClass(Launcher.java:308)
	at java.lang.ClassLoader.loadClass(ClassLoader.java:357)
	... 42 more

Running PowerupTest
Tests run: 11, Failures: 0, Errors: 0, Skipped: 0, Time elapsed: 0 sec
Running ScoreTest
Tests run: 6, Failures: 0, Errors: 0, Skipped: 0, Time elapsed: 0 sec
Running SettingsStateTest
Tests run: 2, Failures: 0, Errors: 0, Skipped: 0, Time elapsed: 0 sec
Running SpikyTest
Tests run: 3, Failures: 0, Errors: 0, Skipped: 0, Time elapsed: 0 sec
Running StartStateTest
Tests run: 2, Failures: 0, Errors: 0, Skipped: 0, Time elapsed: 0 sec
Running WeaponListTest
Tests run: 9, Failures: 0, Errors: 0, Skipped: 0, Time elapsed: 0.02 sec
Running WeaponTest
Tests run: 37, Failures: 0, Errors: 0, Skipped: 0, Time elapsed: 0.008 sec

Results :

Tests in error: 
  testDrawPlayer1(PlayerListTest): org/lwjgl/LWJGLException
  testDrawPlayer2(PlayerListTest): org/lwjgl/LWJGLException
  testDrawPlayer3(PlayerListTest): org/lwjgl/LWJGLException
  testUpdate1(PlayerTest): org/lwjgl/LWJGLException
  testUpdate2(PlayerTest): org/lwjgl/LWJGLException
  testUpdate3(PlayerTest): org/lwjgl/LWJGLException

Tests run: 406, Failures: 0, Errors: 6, Skipped: 0

[INFO] ------------------------------------------------------------------------
[INFO] BUILD FAILURE
[INFO] ------------------------------------------------------------------------
[INFO] Total time: 2.396 s
[INFO] Finished at: 2015-09-11T21:52:34+02:00
[INFO] Final Memory: 10M/153M
[INFO] ------------------------------------------------------------------------
[ERROR] Failed to execute goal org.apache.maven.plugins:maven-surefire-plugin:2.12.4:test (default-test) on project bubble-trouble: There are test failures.
[ERROR] 
[ERROR] Please refer to D:\Users\Bart\Documents\TUDelft\Tweede jaar (2015-2016)\Software Engineering Methods\Workspace\Team1BubbleTrouble\target\surefire-reports for the individual test results.
[ERROR] -> [Help 1]
[ERROR] 
[ERROR] To see the full stack trace of the errors, re-run Maven with the -e switch.
[ERROR] Re-run Maven using the -X switch to enable full debug logging.
[ERROR] 
[ERROR] For more information about the errors and possible solutions, please read the following articles:
[ERROR] [Help 1] http://cwiki.apache.org/confluence/display/MAVEN/MojoFailureException
